<?xml version="1.0" encoding="UTF-8"?>
<testsuite xmlns:xsi="http://www.w3.org/2001/XMLSchema-instance" xsi:noNamespaceSchemaLocation="https://maven.apache.org/surefire/maven-surefire-plugin/xsd/surefire-test-report.xsd" version="3.0.2" name="com.saxion.proj.tfms.TruckFleetManagementSystemApplicationTests" time="10.779" tests="1" errors="0" skipped="0" failures="0">
  <properties>
[...]
</properties>
  <testcase name="contextLoads" classname="com.saxion.proj.tfms.TruckFleetManagementSystemApplicationTests" time="0.495">
    <system-out><![CDATA[12:22:58.845 [main] INFO org.springframework.test.context.support.AnnotationConfigContextLoaderUtils -- Could not detect default configuration classes for test class [com.saxion.proj.tfms.TruckFleetManagementSystemApplicationTests]: TruckFleetManagementSystemApplicationTests does not declare any static, non-private, non-final, nested classes annotated with @Configuration.
12:22:59.012 [main] INFO org.springframework.boot.test.context.SpringBootTestContextBootstrapper -- Found @SpringBootConfiguration com.saxion.proj.tfms.TfmsApplication for test class com.saxion.proj.tfms.TruckFleetManagementSystemApplicationTests

  .   ____          _            __ _ _
 /\\ / ___'_ __ _ _(_)_ __  __ _ \ \ \ \
( ( )\___ | '_ | '_| | '_ \/ _` | \ \ \ \
 \\/  ___)| |_)| | | | | || (_| |  ) ) ) )
  '  |____| .__|_| |_|_| |_\__, | / / / /
 =========|_|==============|___/=/_/_/_/

 :: Spring Boot ::                (v3.5.5)

2025-10-09 12:22:59 [DEV] - Starting TruckFleetManagementSystemApplicationTests using Java 21.0.8 with PID 40167 (started by prithvish in /home/prithvish/Documents/GitHub/02/tfms-starter)
2025-10-09 12:22:59 [DEV] - Running with Spring Boot v3.5.5, Spring v6.2.10
2025-10-09 12:22:59 [DEV] - The following 1 profile is active: "dev"
2025-10-09 12:23:01 [DEV] - Bootstrapping Spring Data JPA repositories in DEFAULT mode.
2025-10-09 12:23:01 [DEV] - Finished Spring Data repository scanning in 69 ms. Found 1 JPA repository interface.
2025-10-09 12:23:02 [DEV] - HHH000204: Processing PersistenceUnitInfo [name: default]
2025-10-09 12:23:02 [DEV] - HHH000412: Hibernate ORM core version 6.6.26.Final
2025-10-09 12:23:02 [DEV] - HHH000026: Second-level cache disabled
2025-10-09 12:23:02 [DEV] - No LoadTimeWeaver setup: ignoring JPA class transformer
2025-10-09 12:23:02 [DEV] - HikariPool-1 - Starting...
2025-10-09 12:23:03 [DEV] - HikariPool-1 - Added connection org.postgresql.jdbc.PgConnection@571db8b4
2025-10-09 12:23:03 [DEV] - HikariPool-1 - Start completed.
2025-10-09 12:23:03 [DEV] - HHH90000025: PostgreSQLDialect does not need to be specified explicitly using 'hibernate.dialect' (remove the property setting and it will be selected by default)
2025-10-09 12:23:03 [DEV] - HHH10001005: Database info:
	Database JDBC URL [Connecting through datasource 'HikariDataSource (HikariPool-1)']
	Database driver: undefined/unknown
	Database version: 16.10
	Autocommit mode: undefined/unknown
	Isolation level: undefined/unknown
	Minimum pool size: undefined/unknown
	Maximum pool size: undefined/unknown
2025-10-09 12:23:04 [DEV] - HHH000489: No JTA platform available (set 'hibernate.transaction.jta.platform' to enable JTA platform integration)
Hibernate: 
    set client_min_messages = WARNING
Hibernate: 
    drop table if exists users cascade
Hibernate: 
    create table users (
        active boolean not null,
        created_at timestamp(6) with time zone,
        id bigint generated by default as identity,
        updated_at timestamp(6) with time zone,
        api_key varchar(255) unique,
        email varchar(255) not null unique,
        password varchar(255) not null,
        user_type varchar(255) not null check (user_type in ('ADMIN','DRIVER','PLANNER','GLOBAL_API')),
        username varchar(255) not null unique,
        primary key (id)
    )
2025-10-09 12:23:04 [DEV] - Initialized JPA EntityManagerFactory for persistence unit 'default'
2025-10-09 12:23:05 [DEV] - Hibernate is in classpath; If applicable, HQL parser will be used.
2025-10-09 12:23:05 [DEV] - Rate limiting filter initialized with limit: 60 requests per minute
2025-10-09 12:23:06 [DEV] - Exposing 3 endpoints beneath base path '/actuator'
2025-10-09 12:23:06 [DEV] - Adding welcome page: class path resource [static/index.html]
2025-10-09 12:23:06 [DEV] - 

Using generated security password: 300e3f3f-2f0f-4f4c-ae45-b59e80b033dc

This generated password is for development use only. Your security configuration must be updated before running your application in production.

2025-10-09 12:23:06 [DEV] - Global AuthenticationManager configured with UserDetailsService bean with name inMemoryUserDetailsManager
2025-10-09 12:23:07 [DEV] - Started TruckFleetManagementSystemApplicationTests in 8.716 seconds (process running for 10.204)
Hibernate: 
    select
        ud1_0.id 
    from
        users ud1_0 
    where
        ud1_0.email=? 
    fetch
        first ? rows only
Hibernate: 
    insert 
    into
        users
        (active, api_key, created_at, email, password, updated_at, user_type, username) 
    values
        (?, ?, ?, ?, ?, ?, ?, ?)
Default user created: admin@tfms.com (ADMIN)
Hibernate: 
    select
        ud1_0.id 
    from
        users ud1_0 
    where
        ud1_0.email=? 
    fetch
        first ? rows only
Hibernate: 
    insert 
    into
        users
        (active, api_key, created_at, email, password, updated_at, user_type, username) 
    values
        (?, ?, ?, ?, ?, ?, ?, ?)
Default user created: driver@tfms.com (DRIVER)
Hibernate: 
    select
        ud1_0.id 
    from
        users ud1_0 
    where
        ud1_0.email=? 
    fetch
        first ? rows only
Hibernate: 
    insert 
    into
        users
        (active, api_key, created_at, email, password, updated_at, user_type, username) 
    values
        (?, ?, ?, ?, ?, ?, ?, ?)
Default user created: planner@tfms.com (PLANNER)
Hibernate: 
    select
        ud1_0.id 
    from
        users ud1_0 
    where
        ud1_0.email=? 
    fetch
        first ? rows only
Hibernate: 
    insert 
    into
        users
        (active, api_key, created_at, email, password, updated_at, user_type, username) 
    values
        (?, ?, ?, ?, ?, ?, ?, ?)
Default user created: test@example.com (DRIVER)
Default users initialization completed.

============================================================
TFMS - Truck Fleet Management System
============================================================
Active Profile: DEV
Production Mode: DISABLED
Server Port: 8443
Development Mode - Frontend runs separately
Backend API: http://localhost:8443/api
Frontend: http://localhost:3000 (run separately)
H2 Console: http://localhost:8443/h2-console
============================================================
Application started successfully!
============================================================

]]></system-out>
    <system-err><![CDATA[Mockito is currently self-attaching to enable the inline-mock-maker. This will no longer work in future releases of the JDK. Please add Mockito as an agent to your build as described in Mockito's documentation: https://javadoc.io/doc/org.mockito/mockito-core/latest/org.mockito/org/mockito/Mockito.html#0.3
WARNING: A Java agent has been loaded dynamically (/home/prithvish/.m2/repository/net/bytebuddy/byte-buddy-agent/1.17.7/byte-buddy-agent-1.17.7.jar)
WARNING: If a serviceability tool is in use, please run with -XX:+EnableDynamicAgentLoading to hide this warning
WARNING: If a serviceability tool is not in use, please run with -Djdk.instrument.traceUsage for more information
WARNING: Dynamic loading of agents will be disallowed by default in a future release
]]></system-err>
  </testcase>
</testsuite>